0 info it worked if it ends with ok
1 verbose cli [ '/usr/local/bin/node',
1 verbose cli   '/usr/local/bin/npm',
1 verbose cli   'install',
1 verbose cli   'socket.io' ]
2 info using npm@1.1.66
3 info using node@v0.8.15
4 verbose read json /home/nam/Desktop/Web/package.json
5 warn package.json phi@1.0.0 No README.md file found!
6 verbose read json /home/nam/Desktop/Web/node_modules/iconv-lite/package.json
7 verbose read json /home/nam/Desktop/Web/node_modules/path-to-regexp/package.json
8 verbose read json /home/nam/Desktop/Web/node_modules/ejs/package.json
9 verbose read json /home/nam/Desktop/Web/node_modules/parseqs/package.json
10 verbose read json /home/nam/Desktop/Web/node_modules/content-disposition/package.json
11 verbose read json /home/nam/Desktop/Web/node_modules/has-cors/package.json
12 verbose read json /home/nam/Desktop/Web/node_modules/parsejson/package.json
13 verbose read json /home/nam/Desktop/Web/node_modules/readable-stream/package.json
14 verbose read json /home/nam/Desktop/Web/node_modules/parseuri/package.json
15 verbose read json /home/nam/Desktop/Web/node_modules/callsite/package.json
16 verbose read json /home/nam/Desktop/Web/node_modules/wtf-8/package.json
17 verbose read json /home/nam/Desktop/Web/node_modules/raw-body/package.json
18 verbose read json /home/nam/Desktop/Web/node_modules/express/package.json
19 verbose read json /home/nam/Desktop/Web/node_modules/socketio/package.json
20 verbose read json /home/nam/Desktop/Web/node_modules/finalhandler/package.json
21 verbose read json /home/nam/Desktop/Web/node_modules/mysql/package.json
22 verbose read json /home/nam/Desktop/Web/node_modules/debug/package.json
23 verbose read json /home/nam/Desktop/Web/node_modules/util-deprecate/package.json
24 verbose read json /home/nam/Desktop/Web/node_modules/send/package.json
25 verbose read json /home/nam/Desktop/Web/node_modules/vary/package.json
26 verbose read json /home/nam/Desktop/Web/node_modules/after/package.json
27 verbose read json /home/nam/Desktop/Web/node_modules/array-flatten/package.json
28 verbose read json /home/nam/Desktop/Web/node_modules/options/package.json
29 verbose read json /home/nam/Desktop/Web/node_modules/better-assert/package.json
30 verbose read json /home/nam/Desktop/Web/node_modules/setprototypeof/package.json
31 verbose read json /home/nam/Desktop/Web/node_modules/mime-types/package.json
32 verbose read json /home/nam/Desktop/Web/node_modules/arraybuffer.slice/package.json
33 verbose read json /home/nam/Desktop/Web/node_modules/socket.io-client/package.json
34 verbose read json /home/nam/Desktop/Web/node_modules/depd/package.json
35 verbose read json /home/nam/Desktop/Web/node_modules/ms/package.json
36 verbose read json /home/nam/Desktop/Web/node_modules/cookie-signature/package.json
37 verbose read json /home/nam/Desktop/Web/node_modules/ultron/package.json
38 verbose read json /home/nam/Desktop/Web/node_modules/on-finished/package.json
39 verbose read json /home/nam/Desktop/Web/node_modules/sqlstring/package.json
40 verbose read json /home/nam/Desktop/Web/node_modules/engine.io/package.json
41 verbose read json /home/nam/Desktop/Web/node_modules/negotiator/package.json
42 verbose read json /home/nam/Desktop/Web/node_modules/has-binary/package.json
43 verbose read json /home/nam/Desktop/Web/node_modules/bignumber.js/package.json
44 verbose read json /home/nam/Desktop/Web/node_modules/process-nextick-args/package.json
45 verbose read json /home/nam/Desktop/Web/node_modules/json3/package.json
46 verbose read json /home/nam/Desktop/Web/node_modules/destroy/package.json
47 verbose read json /home/nam/Desktop/Web/node_modules/serve-static/package.json
48 verbose read json /home/nam/Desktop/Web/node_modules/forwarded/package.json
49 verbose read json /home/nam/Desktop/Web/node_modules/body-parser/package.json
50 verbose read json /home/nam/Desktop/Web/node_modules/encodeurl/package.json
51 verbose read json /home/nam/Desktop/Web/node_modules/merge-descriptors/package.json
52 verbose read json /home/nam/Desktop/Web/node_modules/core-util-is/package.json
53 verbose read json /home/nam/Desktop/Web/node_modules/component-emitter/package.json
54 verbose read json /home/nam/Desktop/Web/node_modules/object-assign/package.json
55 verbose read json /home/nam/Desktop/Web/node_modules/type-is/package.json
56 verbose read json /home/nam/Desktop/Web/node_modules/blob/package.json
57 verbose read json /home/nam/Desktop/Web/node_modules/content-type/package.json
58 verbose read json /home/nam/Desktop/Web/node_modules/cookie/package.json
59 verbose read json /home/nam/Desktop/Web/node_modules/socket.io-adapter/package.json
60 verbose read json /home/nam/Desktop/Web/node_modules/to-array/package.json
61 verbose read json /home/nam/Desktop/Web/node_modules/object-component/package.json
62 verbose read json /home/nam/Desktop/Web/node_modules/range-parser/package.json
63 verbose read json /home/nam/Desktop/Web/node_modules/yeast/package.json
64 verbose read json /home/nam/Desktop/Web/node_modules/xmlhttprequest-ssl/package.json
65 verbose read json /home/nam/Desktop/Web/node_modules/formidable/package.json
66 verbose read json /home/nam/Desktop/Web/node_modules/base64-arraybuffer/package.json
67 verbose read json /home/nam/Desktop/Web/node_modules/socket.io/package.json
68 verbose read json /home/nam/Desktop/Web/node_modules/fresh/package.json
69 verbose read json /home/nam/Desktop/Web/node_modules/safe-buffer/package.json
70 verbose read json /home/nam/Desktop/Web/node_modules/string_decoder/package.json
71 verbose read json /home/nam/Desktop/Web/node_modules/ws/package.json
72 verbose read json /home/nam/Desktop/Web/node_modules/component-bind/package.json
73 verbose read json /home/nam/Desktop/Web/node_modules/unpipe/package.json
74 verbose read json /home/nam/Desktop/Web/node_modules/qs/package.json
75 verbose read json /home/nam/Desktop/Web/node_modules/engine.io-client/package.json
76 verbose read json /home/nam/Desktop/Web/node_modules/backo2/package.json
77 verbose read json /home/nam/Desktop/Web/node_modules/engine.io-parser/package.json
78 verbose read json /home/nam/Desktop/Web/node_modules/utils-merge/package.json
79 verbose read json /home/nam/Desktop/Web/node_modules/media-typer/package.json
80 verbose read json /home/nam/Desktop/Web/node_modules/statuses/package.json
81 verbose read json /home/nam/Desktop/Web/node_modules/socket.io-parser/package.json
82 verbose read json /home/nam/Desktop/Web/node_modules/mime/package.json
83 verbose read json /home/nam/Desktop/Web/node_modules/ipaddr.js/package.json
84 verbose read json /home/nam/Desktop/Web/node_modules/etag/package.json
85 verbose read json /home/nam/Desktop/Web/node_modules/methods/package.json
86 verbose read json /home/nam/Desktop/Web/node_modules/bytes/package.json
87 verbose read json /home/nam/Desktop/Web/node_modules/component-inherit/package.json
88 verbose read json /home/nam/Desktop/Web/node_modules/isarray/package.json
89 verbose read json /home/nam/Desktop/Web/node_modules/indexof/package.json
90 verbose read json /home/nam/Desktop/Web/node_modules/proxy-addr/package.json
91 verbose read json /home/nam/Desktop/Web/node_modules/base64id/package.json
92 verbose read json /home/nam/Desktop/Web/node_modules/accepts/package.json
93 verbose read json /home/nam/Desktop/Web/node_modules/escape-html/package.json
94 verbose read json /home/nam/Desktop/Web/node_modules/ee-first/package.json
95 verbose read json /home/nam/Desktop/Web/node_modules/mime-db/package.json
96 verbose read json /home/nam/Desktop/Web/node_modules/inherits/package.json
97 verbose read json /home/nam/Desktop/Web/node_modules/http-errors/package.json
98 verbose read json /home/nam/Desktop/Web/node_modules/parseurl/package.json
99 verbose from cache /home/nam/Desktop/Web/package.json
100 verbose readDependencies using package.json deps
101 verbose cache add [ 'socket.io', null ]
102 silly cache add name=undefined spec="socket.io" args=["socket.io",null]
103 verbose parsed url { pathname: 'socket.io', path: 'socket.io', href: 'socket.io' }
104 silly lockFile 71475bfd-socket-io socket.io
105 verbose lock socket.io /home/nam/.npm/71475bfd-socket-io.lock
106 silly lockFile 71475bfd-socket-io socket.io
107 verbose addNamed [ 'socket.io', '' ]
108 verbose addNamed [ null, '' ]
109 silly lockFile c03de861-socket-io socket.io@
110 verbose lock socket.io@ /home/nam/.npm/c03de861-socket-io.lock
111 silly addNameRange { name: 'socket.io', range: '', hasData: false }
112 verbose url raw socket.io
113 verbose url resolving [ 'https://registry.npmjs.org/', './socket.io' ]
114 verbose url resolved https://registry.npmjs.org/socket.io
115 info trying registry request attempt 1 at 16:40:46
116 http GET https://registry.npmjs.org/socket.io
117 silly lockFile c03de861-socket-io socket.io@
118 error Error: SSL Error: CERT_UNTRUSTED
118 error     at ClientRequest.<anonymous> (/usr/local/lib/node_modules/npm/node_modules/request/main.js:525:26)
118 error     at ClientRequest.g (events.js:192:14)
118 error     at ClientRequest.EventEmitter.emit (events.js:96:17)
118 error     at HTTPParser.parserOnIncomingClient [as onIncoming] (http.js:1462:7)
118 error     at HTTPParser.parserOnHeadersComplete [as onHeadersComplete] (http.js:111:23)
118 error     at CleartextStream.socketOnData [as ondata] (http.js:1367:20)
118 error     at CleartextStream.CryptoStream._push (tls.js:526:27)
118 error     at SecurePair.cycle (tls.js:880:20)
118 error     at EncryptedStream.CryptoStream.write (tls.js:267:13)
118 error     at Socket.ondata (stream.js:38:26)
119 error If you need help, you may report this log at:
119 error     <http://github.com/isaacs/npm/issues>
119 error or email it to:
119 error     <npm-@googlegroups.com>
120 error System Linux 3.19.0-47-generic
121 error command "/usr/local/bin/node" "/usr/local/bin/npm" "install" "socket.io"
122 error cwd /home/nam/Desktop/Web
123 error node -v v0.8.15
124 error npm -v 1.1.66
125 error code ESSL
126 verbose exit [ 1, true ]
